Arguments: 
  /Users/leonidgrudanov/.nvm/versions/node/v14.19.1/bin/node /Users/leonidgrudanov/.nvm/versions/node/v14.19.1/bin/yarn install

PATH: 
  /Users/leonidgrudanov/.nvm/versions/node/v14.19.1/bin:/opt/homebrew/bin:/opt/local/bin:/opt/local/sbin:/usr/local/bin:/usr/bin:/bin:/usr/sbin:/sbin:/Library/Apple/usr/bin:/Users/leonidgrudanov/Projects/node-simple/node_modules/.bin

Yarn version: 
  1.22.18

Node version: 
  14.19.1

Platform: 
  darwin x64

Trace: 
  SyntaxError: /Users/leonidgrudanov/Projects/node-simple/package.json: Unexpected token } in JSON at position 308
      at JSON.parse (<anonymous>)
      at /Users/leonidgrudanov/.nvm/versions/node/v14.19.1/lib/node_modules/yarn/lib/cli.js:1625:59
      at Generator.next (<anonymous>)
      at step (/Users/leonidgrudanov/.nvm/versions/node/v14.19.1/lib/node_modules/yarn/lib/cli.js:310:30)
      at /Users/leonidgrudanov/.nvm/versions/node/v14.19.1/lib/node_modules/yarn/lib/cli.js:321:13

npm manifest: 
  {
    "name": "node-simple",
    "version": "1.0.0",
    "description": "",
    "main": "index.js",
    "scripts": {
      "start": "nodemon server.js",
      "test": "echo \"Error: no test specified\" && exit 1"
    },
    "keywords": [],
    "author": "",
    "license": "ISC",
    "devDependencies": {
      "nodemon": "2.0.15",
    }
  }

yarn manifest: 
  No manifest

Lockfile: 
  No lockfile
